<?xml version="1.0" encoding="UTF-8"?>
<!-- Generated by org.testng.reporters.JUnitXMLReporter -->
<testsuite ignored="0" hostname="AUTOMATION-LAB" failures="0" tests="3" name="Default test" time="5.675" errors="0" timestamp="2024-07-07T10:28:45 IST">
  <testcase classname="testNGFramework.Demo3" name="Application" time="1.97"/>
  <testcase classname="testNGFramework.Demo3" name="Application" time="1.832"/>
  <testcase classname="testNGFramework.Demo3" name="Application" time="1.827"/>
</testsuite> <!-- Default test -->
