<?xml version="1.0" encoding="UTF-8"?>
<!-- Generated by org.testng.reporters.JUnitXMLReporter -->
<testsuite ignored="2" hostname="AUTOMATION-LAB" failures="0" tests="2" name="Test" time="0.048" errors="0" timestamp="2024-07-06T09:47:41 IST">
  <testcase classname="testNGFramework.Demo2" name="TestCase3" time="0.008"/>
  <testcase classname="testNGFramework.Demo2" name="TestCase4" time="0.002"/>
  <testcase classname="testNGFramework.Demo2" name="TestCase1" time="0.0">
    <ignored/>
  </testcase> <!-- TestCase1 -->
  <testcase classname="testNGFramework.Demo2" name="TestCase2" time="0.0">
    <ignored/>
  </testcase> <!-- TestCase2 -->
</testsuite> <!-- Test -->
