<?xml version="1.0" encoding="UTF-8"?>
<testng-results ignored="0" total="3" passed="3" failed="0" skipped="0">
  <reporter-output>
  </reporter-output>
  <suite started-at="2024-07-07T10:28:40 IST" name="Default suite" finished-at="2024-07-07T10:28:45 IST" duration-ms="5675">
    <groups>
    </groups>
    <test started-at="2024-07-07T10:28:40 IST" name="Default test" finished-at="2024-07-07T10:28:45 IST" duration-ms="5675">
      <class name="testNGFramework.Demo3">
        <test-method signature="Application(java.lang.String,java.lang.String)[pri:0, instance:testNGFramework.Demo3@7bb6ab3a]" started-at="2024-07-07T10:28:40 IST" name="Application" data-provider="TestData" finished-at="2024-07-07T10:28:42 IST" duration-ms="1970" status="PASS">
          <params>
            <param index="0">
              <value>
                <![CDATA[admin1]]>
              </value>
            </param>
            <param index="1">
              <value>
                <![CDATA[admin1@123]]>
              </value>
            </param>
          </params>
          <reporter-output>
          </reporter-output>
        </test-method> <!-- Application -->
        <test-method signature="Application(java.lang.String,java.lang.String)[pri:0, instance:testNGFramework.Demo3@7bb6ab3a]" started-at="2024-07-07T10:28:42 IST" name="Application" data-provider="TestData" finished-at="2024-07-07T10:28:43 IST" duration-ms="1832" status="PASS">
          <params>
            <param index="0">
              <value>
                <![CDATA[admin2]]>
              </value>
            </param>
            <param index="1">
              <value>
                <![CDATA[admin2@123]]>
              </value>
            </param>
          </params>
          <reporter-output>
          </reporter-output>
        </test-method> <!-- Application -->
        <test-method signature="Application(java.lang.String,java.lang.String)[pri:0, instance:testNGFramework.Demo3@7bb6ab3a]" started-at="2024-07-07T10:28:43 IST" name="Application" data-provider="TestData" finished-at="2024-07-07T10:28:45 IST" duration-ms="1827" status="PASS">
          <params>
            <param index="0">
              <value>
                <![CDATA[admin21]]>
              </value>
            </param>
            <param index="1">
              <value>
                <![CDATA[admin21@123]]>
              </value>
            </param>
          </params>
          <reporter-output>
          </reporter-output>
        </test-method> <!-- Application -->
      </class> <!-- testNGFramework.Demo3 -->
    </test> <!-- Default test -->
  </suite> <!-- Default suite -->
</testng-results>
